PHP Error[8]: Undefined offset: 44
    in file /var/www/cEnter_parser/www/apps/protected/extensions/Parser/YandexMarket.php at line 82
#0 unknown(0): parse()
#1 /var/www/cEnter_parser/www/apps/protected/extensions/Threadi/Classes/Thread/AbstractThread.php(78): call_user_func_array()
#2 /var/www/cEnter_parser/www/apps/protected/extensions/Threadi/Classes/Thread/PHPReturnableThread.php(49): Threadi_Thread_PHPReturnableThread->executeCallback()
#3 /var/www/cEnter_parser/www/apps/protected/commands/ParserCommand.php(64): Threadi_Thread_PHPReturnableThread->start()
#4 unknown(0): ParserCommand->actionStart()
#5 /var/www/cEnter_parser/www/framework/console/CConsoleCommand.php(141): ReflectionMethod->invokeArgs()
#6 /var/www/cEnter_parser/www/framework/console/CConsoleCommandRunner.php(65): ParserCommand->run()
#7 /var/www/cEnter_parser/www/framework/console/CConsoleApplication.php(91): CConsoleCommandRunner->run()
#8 /var/www/cEnter_parser/www/framework/base/CApplication.php(162): CConsoleApplication->processRequest()
#9 /var/www/cEnter_parser/www/framework/yiic.php(33): CConsoleApplication->run()
#10 /var/www/cEnter_parser/www/apps/protected/yiic.php(8): require_once()
#11 /var/www/cEnter_parser/www/apps/protected/yiic(4): require_once()
PHP Error[8]: Undefined offset: 44
    in file /var/www/cEnter_parser/www/apps/protected/extensions/Parser/YandexMarket.php at line 82
#0 unknown(0): parse()
#1 /var/www/cEnter_parser/www/apps/protected/extensions/Threadi/Classes/Thread/AbstractThread.php(78): call_user_func_array()
#2 /var/www/cEnter_parser/www/apps/protected/extensions/Threadi/Classes/Thread/PHPReturnableThread.php(49): Threadi_Thread_PHPReturnableThread->executeCallback()
#3 /var/www/cEnter_parser/www/apps/protected/commands/ParserCommand.php(64): Threadi_Thread_PHPReturnableThread->start()
#4 unknown(0): ParserCommand->actionStart()
#5 /var/www/cEnter_parser/www/framework/console/CConsoleCommand.php(141): ReflectionMethod->invokeArgs()
#6 /var/www/cEnter_parser/www/framework/console/CConsoleCommandRunner.php(65): ParserCommand->run()
#7 /var/www/cEnter_parser/www/framework/console/CConsoleApplication.php(91): CConsoleCommandRunner->run()
#8 /var/www/cEnter_parser/www/framework/base/CApplication.php(162): CConsoleApplication->processRequest()
#9 /var/www/cEnter_parser/www/framework/yiic.php(33): CConsoleApplication->run()
#10 /var/www/cEnter_parser/www/apps/protected/yiic.php(8): require_once()
#11 /var/www/cEnter_parser/www/apps/protected/yiic(4): require_once()
exception 'CDbException' with message 'CDbCommand failed to execute the SQL statement: SQLSTATE[HY000]: General error: 2014 Cannot execute queries while other unbuffered queries are active.  Consider using PDOStatement::fetchAll().  Alternatively, if your code is only ever going to run against mysql, you may enable query buffering by setting the PDO::MYSQL_ATTR_USE_BUFFERED_QUERY attribute.. The SQL statement executed was: INSERT into goods (`name`, `articul`, `source`) VALUES(:name, :articul, :source)' in /var/www/cEnter_parser/www/framework/db/CDbCommand.php:354
Stack trace:
#0 /var/www/cEnter_parser/www/apps/protected/extensions/Parser/YandexMarket.php(230): CDbCommand->execute()
#1 /var/www/cEnter_parser/www/apps/protected/extensions/Parser/YandexMarket.php(142): Parser_YandexMarket::compareGoods(Array, '1620322', '91117', Object(CDbConnection), Resource id #44, Array)
#2 [internal function]: Parser_YandexMarket::parse(10, Array, 1, 54)
#3 /var/www/cEnter_parser/www/apps/protected/extensions/Threadi/Classes/Thread/AbstractThread.php(78): call_user_func_array(Array, Array)
#4 /var/www/cEnter_parser/www/apps/protected/extensions/Threadi/Classes/Thread/PHPReturnableThread.php(49): Threadi_Thread_AbstractThread->executeCallback(Array, Array)
#5 /var/www/cEnter_parser/www/apps/protected/commands/ParserCommand.php(64): Threadi_Thread_PHPReturnableThread->start(10, Array, 1, 54)
#6 [internal function]: ParserCommand->actionStart()
#7 /var/www/cEnter_parser/www/framework/console/CConsoleCommand.php(141): ReflectionMethod->invokeArgs(Object(ParserCommand), Array)
#8 /var/www/cEnter_parser/www/framework/console/CConsoleCommandRunner.php(65): CConsoleCommand->run(Array)
#9 /var/www/cEnter_parser/www/framework/console/CConsoleApplication.php(91): CConsoleCommandRunner->run(Array)
#10 /var/www/cEnter_parser/www/framework/base/CApplication.php(162): CConsoleApplication->processRequest()
#11 /var/www/cEnter_parser/www/framework/yiic.php(33): CApplication->run()
#12 /var/www/cEnter_parser/www/apps/protected/yiic.php(8): require_once('/var/www/cEnter...')
#13 /var/www/cEnter_parser/www/apps/protected/yiic(4): require_once('/var/www/cEnter...')
#14 {main}PHP Error[8]: Undefined offset: 1
    in file /var/www/cEnter_parser/www/apps/protected/extensions/Parser/YandexMarket.php at line 148
#0 /var/www/cEnter_parser/www/apps/protected/extensions/Parser/YandexMarket.php(222): parseCompareHtml()
#1 /var/www/cEnter_parser/www/apps/protected/extensions/Parser/YandexMarket.php(142): compareGoods()
#2 unknown(0): parse()
#3 /var/www/cEnter_parser/www/apps/protected/extensions/Threadi/Classes/Thread/AbstractThread.php(78): call_user_func_array()
#4 /var/www/cEnter_parser/www/apps/protected/extensions/Threadi/Classes/Thread/PHPReturnableThread.php(49): Threadi_Thread_PHPReturnableThread->executeCallback()
#5 /var/www/cEnter_parser/www/apps/protected/commands/ParserCommand.php(64): Threadi_Thread_PHPReturnableThread->start()
#6 unknown(0): ParserCommand->actionStart()
#7 /var/www/cEnter_parser/www/framework/console/CConsoleCommand.php(141): ReflectionMethod->invokeArgs()
#8 /var/www/cEnter_parser/www/framework/console/CConsoleCommandRunner.php(65): ParserCommand->run()
#9 /var/www/cEnter_parser/www/framework/console/CConsoleApplication.php(91): CConsoleCommandRunner->run()
#10 /var/www/cEnter_parser/www/framework/base/CApplication.php(162): CConsoleApplication->processRequest()
#11 /var/www/cEnter_parser/www/framework/yiic.php(33): CConsoleApplication->run()
#12 /var/www/cEnter_parser/www/apps/protected/yiic.php(8): require_once()
#13 /var/www/cEnter_parser/www/apps/protected/yiic(4): require_once()
exception 'CDbException' with message 'CDbCommand failed to execute the SQL statement: SQLSTATE[HY000]: General error: 2014 Cannot execute queries while other unbuffered queries are active.  Consider using PDOStatement::fetchAll().  Alternatively, if your code is only ever going to run against mysql, you may enable query buffering by setting the PDO::MYSQL_ATTR_USE_BUFFERED_QUERY attribute.. The SQL statement executed was: INSERT into goods (`name`, `articul`, `source`) VALUES(:name, :articul, :source)' in /var/www/cEnter_parser/www/framework/db/CDbCommand.php:354
Stack trace:
#0 /var/www/cEnter_parser/www/apps/protected/extensions/Parser/YandexMarket.php(230): CDbCommand->execute()
#1 /var/www/cEnter_parser/www/apps/protected/extensions/Parser/YandexMarket.php(142): Parser_YandexMarket::compareGoods(Array, '686672', '91033', Object(CDbConnection), Resource id #58, Array)
#2 [internal function]: Parser_YandexMarket::parse(10, Array, 8, 54)
#3 /var/www/cEnter_parser/www/apps/protected/extensions/Threadi/Classes/Thread/AbstractThread.php(78): call_user_func_array(Array, Array)
#4 /var/www/cEnter_parser/www/apps/protected/extensions/Threadi/Classes/Thread/PHPReturnableThread.php(49): Threadi_Thread_AbstractThread->executeCallback(Array, Array)
#5 /var/www/cEnter_parser/www/apps/protected/commands/ParserCommand.php(64): Threadi_Thread_PHPReturnableThread->start(10, Array, 8, 54)
#6 [internal function]: ParserCommand->actionStart()
#7 /var/www/cEnter_parser/www/framework/console/CConsoleCommand.php(141): ReflectionMethod->invokeArgs(Object(ParserCommand), Array)
#8 /var/www/cEnter_parser/www/framework/console/CConsoleCommandRunner.php(65): CConsoleCommand->run(Array)
#9 /var/www/cEnter_parser/www/framework/console/CConsoleApplication.php(91): CConsoleCommandRunner->run(Array)
#10 /var/www/cEnter_parser/www/framework/base/CApplication.php(162): CConsoleApplication->processRequest()
#11 /var/www/cEnter_parser/www/framework/yiic.php(33): CApplication->run()
#12 /var/www/cEnter_parser/www/apps/protected/yiic.php(8): require_once('/var/www/cEnter...')
#13 /var/www/cEnter_parser/www/apps/protected/yiic(4): require_once('/var/www/cEnter...')
#14 {main}exception 'CDbException' with message 'CDbCommand failed to execute the SQL statement: SQLSTATE[HY000]: General error: 2014 Cannot execute queries while other unbuffered queries are active.  Consider using PDOStatement::fetchAll().  Alternatively, if your code is only ever going to run against mysql, you may enable query buffering by setting the PDO::MYSQL_ATTR_USE_BUFFERED_QUERY attribute.. The SQL statement executed was: INSERT into goods (`name`, `articul`, `source`) VALUES(:name, :articul, :source)' in /var/www/cEnter_parser/www/framework/db/CDbCommand.php:354
Stack trace:
#0 /var/www/cEnter_parser/www/apps/protected/extensions/Parser/YandexMarket.php(230): CDbCommand->execute()
#1 /var/www/cEnter_parser/www/apps/protected/extensions/Parser/YandexMarket.php(142): Parser_YandexMarket::compareGoods(Array, '1596134', '857707', Object(CDbConnection), Resource id #46, Array)
#2 [internal function]: Parser_YandexMarket::parse(10, Array, 2, 54)
#3 /var/www/cEnter_parser/www/apps/protected/extensions/Threadi/Classes/Thread/AbstractThread.php(78): call_user_func_array(Array, Array)
#4 /var/www/cEnter_parser/www/apps/protected/extensions/Threadi/Classes/Thread/PHPReturnableThread.php(49): Threadi_Thread_AbstractThread->executeCallback(Array, Array)
#5 /var/www/cEnter_parser/www/apps/protected/commands/ParserCommand.php(64): Threadi_Thread_PHPReturnableThread->start(10, Array, 2, 54)
#6 [internal function]: ParserCommand->actionStart()
#7 /var/www/cEnter_parser/www/framework/console/CConsoleCommand.php(141): ReflectionMethod->invokeArgs(Object(ParserCommand), Array)
#8 /var/www/cEnter_parser/www/framework/console/CConsoleCommandRunner.php(65): CConsoleCommand->run(Array)
#9 /var/www/cEnter_parser/www/framework/console/CConsoleApplication.php(91): CConsoleCommandRunner->run(Array)
#10 /var/www/cEnter_parser/www/framework/base/CApplication.php(162): CConsoleApplication->processRequest()
#11 /var/www/cEnter_parser/www/framework/yiic.php(33): CApplication->run()
#12 /var/www/cEnter_parser/www/apps/protected/yiic.php(8): require_once('/var/www/cEnter...')
#13 /var/www/cEnter_parser/www/apps/protected/yiic(4): require_once('/var/www/cEnter...')
#14 {main}exception 'CDbException' with message 'CDbCommand failed to execute the SQL statement: SQLSTATE[HY000]: General error: 2014 Cannot execute queries while other unbuffered queries are active.  Consider using PDOStatement::fetchAll().  Alternatively, if your code is only ever going to run against mysql, you may enable query buffering by setting the PDO::MYSQL_ATTR_USE_BUFFERED_QUERY attribute.. The SQL statement executed was: INSERT into goods (`name`, `articul`, `source`) VALUES(:name, :articul, :source)' in /var/www/cEnter_parser/www/framework/db/CDbCommand.php:354
Stack trace:
#0 /var/www/cEnter_parser/www/apps/protected/extensions/Parser/YandexMarket.php(230): CDbCommand->execute()
#1 /var/www/cEnter_parser/www/apps/protected/extensions/Parser/YandexMarket.php(142): Parser_YandexMarket::compareGoods(Array, '651524', '723087', Object(CDbConnection), Resource id #54, Array)
#2 [internal function]: Parser_YandexMarket::parse(10, Array, 6, 54)
#3 /var/www/cEnter_parser/www/apps/protected/extensions/Threadi/Classes/Thread/AbstractThread.php(78): call_user_func_array(Array, Array)
#4 /var/www/cEnter_parser/www/apps/protected/extensions/Threadi/Classes/Thread/PHPReturnableThread.php(49): Threadi_Thread_AbstractThread->executeCallback(Array, Array)
#5 /var/www/cEnter_parser/www/apps/protected/commands/ParserCommand.php(64): Threadi_Thread_PHPReturnableThread->start(10, Array, 6, 54)
#6 [internal function]: ParserCommand->actionStart()
#7 /var/www/cEnter_parser/www/framework/console/CConsoleCommand.php(141): ReflectionMethod->invokeArgs(Object(ParserCommand), Array)
#8 /var/www/cEnter_parser/www/framework/console/CConsoleCommandRunner.php(65): CConsoleCommand->run(Array)
#9 /var/www/cEnter_parser/www/framework/console/CConsoleApplication.php(91): CConsoleCommandRunner->run(Array)
#10 /var/www/cEnter_parser/www/framework/base/CApplication.php(162): CConsoleApplication->processRequest()
#11 /var/www/cEnter_parser/www/framework/yiic.php(33): CApplication->run()
#12 /var/www/cEnter_parser/www/apps/protected/yiic.php(8): require_once('/var/www/cEnter...')
#13 /var/www/cEnter_parser/www/apps/protected/yiic(4): require_once('/var/www/cEnter...')
#14 {main}exception 'CDbException' with message 'CDbCommand failed to execute the SQL statement: SQLSTATE[HY000]: General error: 2014 Cannot execute queries while other unbuffered queries are active.  Consider using PDOStatement::fetchAll().  Alternatively, if your code is only ever going to run against mysql, you may enable query buffering by setting the PDO::MYSQL_ATTR_USE_BUFFERED_QUERY attribute.. The SQL statement executed was: INSERT into goods (`name`, `articul`, `source`) VALUES(:name, :articul, :source)' in /var/www/cEnter_parser/www/framework/db/CDbCommand.php:354
Stack trace:
#0 /var/www/cEnter_parser/www/apps/protected/extensions/Parser/YandexMarket.php(230): CDbCommand->execute()
#1 /var/www/cEnter_parser/www/apps/protected/extensions/Parser/YandexMarket.php(142): Parser_YandexMarket::compareGoods(Array, '754893', '91020', Object(CDbConnection), Resource id #42, Array)
#2 [internal function]: Parser_YandexMarket::parse(10, Array, 0, 54)
#3 /var/www/cEnter_parser/www/apps/protected/extensions/Threadi/Classes/Thread/AbstractThread.php(78): call_user_func_array(Array, Array)
#4 /var/www/cEnter_parser/www/apps/protected/extensions/Threadi/Classes/Thread/PHPReturnableThread.php(49): Threadi_Thread_AbstractThread->executeCallback(Array, Array)
#5 /var/www/cEnter_parser/www/apps/protected/commands/ParserCommand.php(64): Threadi_Thread_PHPReturnableThread->start(10, Array, 0, 54)
#6 [internal function]: ParserCommand->actionStart()
#7 /var/www/cEnter_parser/www/framework/console/CConsoleCommand.php(141): ReflectionMethod->invokeArgs(Object(ParserCommand), Array)
#8 /var/www/cEnter_parser/www/framework/console/CConsoleCommandRunner.php(65): CConsoleCommand->run(Array)
#9 /var/www/cEnter_parser/www/framework/console/CConsoleApplication.php(91): CConsoleCommandRunner->run(Array)
#10 /var/www/cEnter_parser/www/framework/base/CApplication.php(162): CConsoleApplication->processRequest()
#11 /var/www/cEnter_parser/www/framework/yiic.php(33): CApplication->run()
#12 /var/www/cEnter_parser/www/apps/protected/yiic.php(8): require_once('/var/www/cEnter...')
#13 /var/www/cEnter_parser/www/apps/protected/yiic(4): require_once('/var/www/cEnter...')
#14 {main}PHP Error[8]: Undefined offset: 1
    in file /var/www/cEnter_parser/www/apps/protected/extensions/Parser/YandexMarket.php at line 148
#0 /var/www/cEnter_parser/www/apps/protected/extensions/Parser/YandexMarket.php(222): parseCompareHtml()
#1 /var/www/cEnter_parser/www/apps/protected/extensions/Parser/YandexMarket.php(142): compareGoods()
#2 unknown(0): parse()
#3 /var/www/cEnter_parser/www/apps/protected/extensions/Threadi/Classes/Thread/AbstractThread.php(78): call_user_func_array()
#4 /var/www/cEnter_parser/www/apps/protected/extensions/Threadi/Classes/Thread/PHPReturnableThread.php(49): Threadi_Thread_PHPReturnableThread->executeCallback()
#5 /var/www/cEnter_parser/www/apps/protected/commands/ParserCommand.php(64): Threadi_Thread_PHPReturnableThread->start()
#6 unknown(0): ParserCommand->actionStart()
#7 /var/www/cEnter_parser/www/framework/console/CConsoleCommand.php(141): ReflectionMethod->invokeArgs()
#8 /var/www/cEnter_parser/www/framework/console/CConsoleCommandRunner.php(65): ParserCommand->run()
#9 /var/www/cEnter_parser/www/framework/console/CConsoleApplication.php(91): CConsoleCommandRunner->run()
#10 /var/www/cEnter_parser/www/framework/base/CApplication.php(162): CConsoleApplication->processRequest()
#11 /var/www/cEnter_parser/www/framework/yiic.php(33): CConsoleApplication->run()
#12 /var/www/cEnter_parser/www/apps/protected/yiic.php(8): require_once()
#13 /var/www/cEnter_parser/www/apps/protected/yiic(4): require_once()
PHP Error[8]: Undefined offset: 1
    in file /var/www/cEnter_parser/www/apps/protected/extensions/Parser/YandexMarket.php at line 148
#0 /var/www/cEnter_parser/www/apps/protected/extensions/Parser/YandexMarket.php(222): parseCompareHtml()
#1 /var/www/cEnter_parser/www/apps/protected/extensions/Parser/YandexMarket.php(142): compareGoods()
#2 unknown(0): parse()
#3 /var/www/cEnter_parser/www/apps/protected/extensions/Threadi/Classes/Thread/AbstractThread.php(78): call_user_func_array()
#4 /var/www/cEnter_parser/www/apps/protected/extensions/Threadi/Classes/Thread/PHPReturnableThread.php(49): Threadi_Thread_PHPReturnableThread->executeCallback()
#5 /var/www/cEnter_parser/www/apps/protected/commands/ParserCommand.php(64): Threadi_Thread_PHPReturnableThread->start()
#6 unknown(0): ParserCommand->actionStart()
#7 /var/www/cEnter_parser/www/framework/console/CConsoleCommand.php(141): ReflectionMethod->invokeArgs()
#8 /var/www/cEnter_parser/www/framework/console/CConsoleCommandRunner.php(65): ParserCommand->run()
#9 /var/www/cEnter_parser/www/framework/console/CConsoleApplication.php(91): CConsoleCommandRunner->run()
#10 /var/www/cEnter_parser/www/framework/base/CApplication.php(162): CConsoleApplication->processRequest()
#11 /var/www/cEnter_parser/www/framework/yiic.php(33): CConsoleApplication->run()
#12 /var/www/cEnter_parser/www/apps/protected/yiic.php(8): require_once()
#13 /var/www/cEnter_parser/www/apps/protected/yiic(4): require_once()
Parser execution time: 41 sec.
exception 'CDbException' with message 'CDbCommand failed to execute the SQL statement: SQLSTATE[HY000]: General error: 2014 Cannot execute queries while other unbuffered queries are active.  Consider using PDOStatement::fetchAll().  Alternatively, if your code is only ever going to run against mysql, you may enable query buffering by setting the PDO::MYSQL_ATTR_USE_BUFFERED_QUERY attribute.. The SQL statement executed was: SELECT id FROM goods WHERE source='market' LIMIT :limit OFFSET :offset' in /var/www/cEnter_parser/www/framework/db/CDbCommand.php:528
Stack trace:
#0 /var/www/cEnter_parser/www/framework/db/CDbCommand.php(390): CDbCommand->queryInternal('fetchAll', Array, Array)
#1 /var/www/cEnter_parser/www/apps/protected/extensions/Parser/YandexMarket.php(281): CDbCommand->queryAll()
#2 [internal function]: Parser_YandexMarket::packFeatures('0', 10, 0)
#3 /var/www/cEnter_parser/www/apps/protected/extensions/Threadi/Classes/Thread/AbstractThread.php(78): call_user_func_array(Array, Array)
#4 /var/www/cEnter_parser/www/apps/protected/extensions/Threadi/Classes/Thread/PHPReturnableThread.php(49): Threadi_Thread_AbstractThread->executeCallback(Array, Array)
#5 /var/www/cEnter_parser/www/apps/protected/commands/ParserCommand.php(84): Threadi_Thread_PHPReturnableThread->start('0', 10, 0)
#6 [internal function]: ParserCommand->actionStart()
#7 /var/www/cEnter_parser/www/framework/console/CConsoleCommand.php(141): ReflectionMethod->invokeArgs(Object(ParserCommand), Array)
#8 /var/www/cEnter_parser/www/framework/console/CConsoleCommandRunner.php(65): CConsoleCommand->run(Array)
#9 /var/www/cEnter_parser/www/framework/console/CConsoleApplication.php(91): CConsoleCommandRunner->run(Array)
#10 /var/www/cEnter_parser/www/framework/base/CApplication.php(162): CConsoleApplication->processRequest()
#11 /var/www/cEnter_parser/www/framework/yiic.php(33): CApplication->run()
#12 /var/www/cEnter_parser/www/apps/protected/yiic.php(8): require_once('/var/www/cEnter...')
#13 /var/www/cEnter_parser/www/apps/protected/yiic(4): require_once('/var/www/cEnter...')
#14 {main}exception 'CDbException' with message 'CDbCommand failed to execute the SQL statement: SQLSTATE[HY000]: General error: 2014 Cannot execute queries while other unbuffered queries are active.  Consider using PDOStatement::fetchAll().  Alternatively, if your code is only ever going to run against mysql, you may enable query buffering by setting the PDO::MYSQL_ATTR_USE_BUFFERED_QUERY attribute.. The SQL statement executed was: SELECT id FROM goods WHERE source='market' LIMIT :limit OFFSET :offset' in /var/www/cEnter_parser/www/framework/db/CDbCommand.php:528
Stack trace:
#0 /var/www/cEnter_parser/www/framework/db/CDbCommand.php(390): CDbCommand->queryInternal('fetchAll', Array, Array)
#1 /var/www/cEnter_parser/www/apps/protected/extensions/Parser/YandexMarket.php(281): CDbCommand->queryAll()
#2 [internal function]: Parser_YandexMarket::packFeatures('0', 10, 1)
#3 /var/www/cEnter_parser/www/apps/protected/extensions/Threadi/Classes/Thread/AbstractThread.php(78): call_user_func_array(Array, Array)
#4 /var/www/cEnter_parser/www/apps/protected/extensions/Threadi/Classes/Thread/PHPReturnableThread.php(49): Threadi_Thread_AbstractThread->executeCallback(Array, Array)
#5 /var/www/cEnter_parser/www/apps/protected/commands/ParserCommand.php(84): Threadi_Thread_PHPReturnableThread->start('0', 10, 1)
#6 [internal function]: ParserCommand->actionStart()
#7 /var/www/cEnter_parser/www/framework/console/CConsoleCommand.php(141): ReflectionMethod->invokeArgs(Object(ParserCommand), Array)
#8 /var/www/cEnter_parser/www/framework/console/CConsoleCommandRunner.php(65): CConsoleCommand->run(Array)
#9 /var/www/cEnter_parser/www/framework/console/CConsoleApplication.php(91): CConsoleCommandRunner->run(Array)
#10 /var/www/cEnter_parser/www/framework/base/CApplication.php(162): CConsoleApplication->processRequest()
#11 /var/www/cEnter_parser/www/framework/yiic.php(33): CApplication->run()
#12 /var/www/cEnter_parser/www/apps/protected/yiic.php(8): require_once('/var/www/cEnter...')
#13 /var/www/cEnter_parser/www/apps/protected/yiic(4): require_once('/var/www/cEnter...')
#14 {main}exception 'CDbException' with message 'CDbCommand failed to execute the SQL statement: SQLSTATE[HY000]: General error: 2014 Cannot execute queries while other unbuffered queries are active.  Consider using PDOStatement::fetchAll().  Alternatively, if your code is only ever going to run against mysql, you may enable query buffering by setting the PDO::MYSQL_ATTR_USE_BUFFERED_QUERY attribute.. The SQL statement executed was: SELECT id FROM goods WHERE source='market' LIMIT :limit OFFSET :offset' in /var/www/cEnter_parser/www/framework/db/CDbCommand.php:528
Stack trace:
#0 /var/www/cEnter_parser/www/framework/db/CDbCommand.php(390): CDbCommand->queryInternal('fetchAll', Array, Array)
#1 /var/www/cEnter_parser/www/apps/protected/extensions/Parser/YandexMarket.php(281): CDbCommand->queryAll()
#2 [internal function]: Parser_YandexMarket::packFeatures('0', 10, 4)
#3 /var/www/cEnter_parser/www/apps/protected/extensions/Threadi/Classes/Thread/AbstractThread.php(78): call_user_func_array(Array, Array)
#4 /var/www/cEnter_parser/www/apps/protected/extensions/Threadi/Classes/Thread/PHPReturnableThread.php(49): Threadi_Thread_AbstractThread->executeCallback(Array, Array)
#5 /var/www/cEnter_parser/www/apps/protected/commands/ParserCommand.php(84): Threadi_Thread_PHPReturnableThread->start('0', 10, 4)
#6 [internal function]: ParserCommand->actionStart()
#7 /var/www/cEnter_parser/www/framework/console/CConsoleCommand.php(141): ReflectionMethod->invokeArgs(Object(ParserCommand), Array)
#8 /var/www/cEnter_parser/www/framework/console/CConsoleCommandRunner.php(65): CConsoleCommand->run(Array)
#9 /var/www/cEnter_parser/www/framework/console/CConsoleApplication.php(91): CConsoleCommandRunner->run(Array)
#10 /var/www/cEnter_parser/www/framework/base/CApplication.php(162): CConsoleApplication->processRequest()
#11 /var/www/cEnter_parser/www/framework/yiic.php(33): CApplication->run()
#12 /var/www/cEnter_parser/www/apps/protected/yiic.php(8): require_once('/var/www/cEnter...')
#13 /var/www/cEnter_parser/www/apps/protected/yiic(4): require_once('/var/www/cEnter...')
#14 {main}exception 'CDbException' with message 'CDbCommand failed to execute the SQL statement: SQLSTATE[HY000]: General error: 2014 Cannot execute queries while other unbuffered queries are active.  Consider using PDOStatement::fetchAll().  Alternatively, if your code is only ever going to run against mysql, you may enable query buffering by setting the PDO::MYSQL_ATTR_USE_BUFFERED_QUERY attribute.. The SQL statement executed was: SELECT id FROM goods WHERE source='market' LIMIT :limit OFFSET :offset' in /var/www/cEnter_parser/www/framework/db/CDbCommand.php:528
Stack trace:
#0 /var/www/cEnter_parser/www/framework/db/CDbCommand.php(390): CDbCommand->queryInternal('fetchAll', Array, Array)
#1 /var/www/cEnter_parser/www/apps/protected/extensions/Parser/YandexMarket.php(281): CDbCommand->queryAll()
#2 [internal function]: Parser_YandexMarket::packFeatures('0', 10, 7)
#3 /var/www/cEnter_parser/www/apps/protected/extensions/Threadi/Classes/Thread/AbstractThread.php(78): call_user_func_array(Array, Array)
#4 /var/www/cEnter_parser/www/apps/protected/extensions/Threadi/Classes/Thread/PHPReturnableThread.php(49): Threadi_Thread_AbstractThread->executeCallback(Array, Array)
#5 /var/www/cEnter_parser/www/apps/protected/commands/ParserCommand.php(84): Threadi_Thread_PHPReturnableThread->start('0', 10, 7)
#6 [internal function]: ParserCommand->actionStart()
#7 /var/www/cEnter_parser/www/framework/console/CConsoleCommand.php(141): ReflectionMethod->invokeArgs(Object(ParserCommand), Array)
#8 /var/www/cEnter_parser/www/framework/console/CConsoleCommandRunner.php(65): CConsoleCommand->run(Array)
#9 /var/www/cEnter_parser/www/framework/console/CConsoleApplication.php(91): CConsoleCommandRunner->run(Array)
#10 /var/www/cEnter_parser/www/framework/base/CApplication.php(162): CConsoleApplication->processRequest()
#11 /var/www/cEnter_parser/www/framework/yiic.php(33): CApplication->run()
#12 /var/www/cEnter_parser/www/apps/protected/yiic.php(8): require_once('/var/www/cEnter...')
#13 /var/www/cEnter_parser/www/apps/protected/yiic(4): require_once('/var/www/cEnter...')
#14 {main}exception 'CDbException' with message 'CDbCommand failed to execute the SQL statement: SQLSTATE[HY000]: General error: 2014 Cannot execute queries while other unbuffered queries are active.  Consider using PDOStatement::fetchAll().  Alternatively, if your code is only ever going to run against mysql, you may enable query buffering by setting the PDO::MYSQL_ATTR_USE_BUFFERED_QUERY attribute.. The SQL statement executed was: SELECT id FROM goods WHERE source='market' LIMIT :limit OFFSET :offset' in /var/www/cEnter_parser/www/framework/db/CDbCommand.php:528
Stack trace:
#0 /var/www/cEnter_parser/www/framework/db/CDbCommand.php(390): CDbCommand->queryInternal('fetchAll', Array, Array)
#1 /var/www/cEnter_parser/www/apps/protected/extensions/Parser/YandexMarket.php(281): CDbCommand->queryAll()
#2 [internal function]: Parser_YandexMarket::packFeatures('0', 10, 5)
#3 /var/www/cEnter_parser/www/apps/protected/extensions/Threadi/Classes/Thread/AbstractThread.php(78): call_user_func_array(Array, Array)
#4 /var/www/cEnter_parser/www/apps/protected/extensions/Threadi/Classes/Thread/PHPReturnableThread.php(49): Threadi_Thread_AbstractThread->executeCallback(Array, Array)
#5 /var/www/cEnter_parser/www/apps/protected/commands/ParserCommand.php(84): Threadi_Thread_PHPReturnableThread->start('0', 10, 5)
#6 [internal function]: ParserCommand->actionStart()
#7 /var/www/cEnter_parser/www/framework/console/CConsoleCommand.php(141): ReflectionMethod->invokeArgs(Object(ParserCommand), Array)
#8 /var/www/cEnter_parser/www/framework/console/CConsoleCommandRunner.php(65): CConsoleCommand->run(Array)
#9 /var/www/cEnter_parser/www/framework/console/CConsoleApplication.php(91): CConsoleCommandRunner->run(Array)
#10 /var/www/cEnter_parser/www/framework/base/CApplication.php(162): CConsoleApplication->processRequest()
#11 /var/www/cEnter_parser/www/framework/yiic.php(33): CApplication->run()
#12 /var/www/cEnter_parser/www/apps/protected/yiic.php(8): require_once('/var/www/cEnter...')
#13 /var/www/cEnter_parser/www/apps/protected/yiic(4): require_once('/var/www/cEnter...')
#14 {main}exception 'CDbException' with message 'CDbCommand failed to execute the SQL statement: SQLSTATE[HY000]: General error: 2014 Cannot execute queries while other unbuffered queries are active.  Consider using PDOStatement::fetchAll().  Alternatively, if your code is only ever going to run against mysql, you may enable query buffering by setting the PDO::MYSQL_ATTR_USE_BUFFERED_QUERY attribute.. The SQL statement executed was: SELECT id FROM goods WHERE source='market' LIMIT :limit OFFSET :offset' in /var/www/cEnter_parser/www/framework/db/CDbCommand.php:528
Stack trace:
#0 /var/www/cEnter_parser/www/framework/db/CDbCommand.php(390): CDbCommand->queryInternal('fetchAll', Array, Array)
#1 /var/www/cEnter_parser/www/apps/protected/extensions/Parser/YandexMarket.php(281): CDbCommand->queryAll()
#2 [internal function]: Parser_YandexMarket::packFeatures('0', 10, 3)
#3 /var/www/cEnter_parser/www/apps/protected/extensions/Threadi/Classes/Thread/AbstractThread.php(78): call_user_func_array(Array, Array)
#4 /var/www/cEnter_parser/www/apps/protected/extensions/Threadi/Classes/Thread/PHPReturnableThread.php(49): Threadi_Thread_AbstractThread->executeCallback(Array, Array)
#5 /var/www/cEnter_parser/www/apps/protected/commands/ParserCommand.php(84): Threadi_Thread_PHPReturnableThread->start('0', 10, 3)
#6 [internal function]: ParserCommand->actionStart()
#7 /var/www/cEnter_parser/www/framework/console/CConsoleCommand.php(141): ReflectionMethod->invokeArgs(Object(ParserCommand), Array)
#8 /var/www/cEnter_parser/www/framework/console/CConsoleCommandRunner.php(65): CConsoleCommand->run(Array)
#9 /var/www/cEnter_parser/www/framework/console/CConsoleApplication.php(91): CConsoleCommandRunner->run(Array)
#10 /var/www/cEnter_parser/www/framework/base/CApplication.php(162): CConsoleApplication->processRequest()
#11 /var/www/cEnter_parser/www/framework/yiic.php(33): CApplication->run()
#12 /var/www/cEnter_parser/www/apps/protected/yiic.php(8): require_once('/var/www/cEnter...')
#13 /var/www/cEnter_parser/www/apps/protected/yiic(4): require_once('/var/www/cEnter...')
#14 {main}exception 'CDbException' with message 'CDbCommand failed to execute the SQL statement: SQLSTATE[HY000]: General error: 2014 Cannot execute queries while other unbuffered queries are active.  Consider using PDOStatement::fetchAll().  Alternatively, if your code is only ever going to run against mysql, you may enable query buffering by setting the PDO::MYSQL_ATTR_USE_BUFFERED_QUERY attribute.. The SQL statement executed was: SELECT id FROM goods WHERE source='market' LIMIT :limit OFFSET :offset' in /var/www/cEnter_parser/www/framework/db/CDbCommand.php:528
Stack trace:
#0 /var/www/cEnter_parser/www/framework/db/CDbCommand.php(390): CDbCommand->queryInternal('fetchAll', Array, Array)
#1 /var/www/cEnter_parser/www/apps/protected/extensions/Parser/YandexMarket.php(281): CDbCommand->queryAll()
#2 [internal function]: Parser_YandexMarket::packFeatures('0', 10, 8)
#3 /var/www/cEnter_parser/www/apps/protected/extensions/Threadi/Classes/Thread/AbstractThread.php(78): call_user_func_array(Array, Array)
#4 /var/www/cEnter_parser/www/apps/protected/extensions/Threadi/Classes/Thread/PHPReturnableThread.php(49): Threadi_Thread_AbstractThread->executeCallback(Array, Array)
#5 /var/www/cEnter_parser/www/apps/protected/commands/ParserCommand.php(84): Threadi_Thread_PHPReturnableThread->start('0', 10, 8)
#6 [internal function]: ParserCommand->actionStart()
#7 /var/www/cEnter_parser/www/framework/console/CConsoleCommand.php(141): ReflectionMethod->invokeArgs(Object(ParserCommand), Array)
#8 /var/www/cEnter_parser/www/framework/console/CConsoleCommandRunner.php(65): CConsoleCommand->run(Array)
#9 /var/www/cEnter_parser/www/framework/console/CConsoleApplication.php(91): CConsoleCommandRunner->run(Array)
#10 /var/www/cEnter_parser/www/framework/base/CApplication.php(162): CConsoleApplication->processRequest()
#11 /var/www/cEnter_parser/www/framework/yiic.php(33): CApplication->run()
#12 /var/www/cEnter_parser/www/apps/protected/yiic.php(8): require_once('/var/www/cEnter...')
#13 /var/www/cEnter_parser/www/apps/protected/yiic(4): require_once('/var/www/cEnter...')
#14 {main}exception 'CDbException' with message 'CDbCommand failed to execute the SQL statement: SQLSTATE[HY000]: General error: 2014 Cannot execute queries while other unbuffered queries are active.  Consider using PDOStatement::fetchAll().  Alternatively, if your code is only ever going to run against mysql, you may enable query buffering by setting the PDO::MYSQL_ATTR_USE_BUFFERED_QUERY attribute.. The SQL statement executed was: SELECT id FROM goods WHERE source='market' LIMIT :limit OFFSET :offset' in /var/www/cEnter_parser/www/framework/db/CDbCommand.php:528
Stack trace:
#0 /var/www/cEnter_parser/www/framework/db/CDbCommand.php(390): CDbCommand->queryInternal('fetchAll', Array, Array)
#1 /var/www/cEnter_parser/www/apps/protected/extensions/Parser/YandexMarket.php(281): CDbCommand->queryAll()
#2 [internal function]: Parser_YandexMarket::packFeatures('0', 10, 2)
#3 /var/www/cEnter_parser/www/apps/protected/extensions/Threadi/Classes/Thread/AbstractThread.php(78): call_user_func_array(Array, Array)
#4 /var/www/cEnter_parser/www/apps/protected/extensions/Threadi/Classes/Thread/PHPReturnableThread.php(49): Threadi_Thread_AbstractThread->executeCallback(Array, Array)
#5 /var/www/cEnter_parser/www/apps/protected/commands/ParserCommand.php(84): Threadi_Thread_PHPReturnableThread->start('0', 10, 2)
#6 [internal function]: ParserCommand->actionStart()
#7 /var/www/cEnter_parser/www/framework/console/CConsoleCommand.php(141): ReflectionMethod->invokeArgs(Object(ParserCommand), Array)
#8 /var/www/cEnter_parser/www/framework/console/CConsoleCommandRunner.php(65): CConsoleCommand->run(Array)
#9 /var/www/cEnter_parser/www/framework/console/CConsoleApplication.php(91): CConsoleCommandRunner->run(Array)
#10 /var/www/cEnter_parser/www/framework/base/CApplication.php(162): CConsoleApplication->processRequest()
#11 /var/www/cEnter_parser/www/framework/yiic.php(33): CApplication->run()
#12 /var/www/cEnter_parser/www/apps/protected/yiic.php(8): require_once('/var/www/cEnter...')
#13 /var/www/cEnter_parser/www/apps/protected/yiic(4): require_once('/var/www/cEnter...')
#14 {main}exception 'CDbException' with message 'CDbCommand failed to execute the SQL statement: SQLSTATE[HY000]: General error: 2014 Cannot execute queries while other unbuffered queries are active.  Consider using PDOStatement::fetchAll().  Alternatively, if your code is only ever going to run against mysql, you may enable query buffering by setting the PDO::MYSQL_ATTR_USE_BUFFERED_QUERY attribute.. The SQL statement executed was: SELECT id FROM goods WHERE source='market' LIMIT :limit OFFSET :offset' in /var/www/cEnter_parser/www/framework/db/CDbCommand.php:528
Stack trace:
#0 /var/www/cEnter_parser/www/framework/db/CDbCommand.php(390): CDbCommand->queryInternal('fetchAll', Array, Array)
#1 /var/www/cEnter_parser/www/apps/protected/extensions/Parser/YandexMarket.php(281): CDbCommand->queryAll()
#2 [internal function]: Parser_YandexMarket::packFeatures('0', 10, 6)
#3 /var/www/cEnter_parser/www/apps/protected/extensions/Threadi/Classes/Thread/AbstractThread.php(78): call_user_func_array(Array, Array)
#4 /var/www/cEnter_parser/www/apps/protected/extensions/Threadi/Classes/Thread/PHPReturnableThread.php(49): Threadi_Thread_AbstractThread->executeCallback(Array, Array)
#5 /var/www/cEnter_parser/www/apps/protected/commands/ParserCommand.php(84): Threadi_Thread_PHPReturnableThread->start('0', 10, 6)
#6 [internal function]: ParserCommand->actionStart()
#7 /var/www/cEnter_parser/www/framework/console/CConsoleCommand.php(141): ReflectionMethod->invokeArgs(Object(ParserCommand), Array)
#8 /var/www/cEnter_parser/www/framework/console/CConsoleCommandRunner.php(65): CConsoleCommand->run(Array)
#9 /var/www/cEnter_parser/www/framework/console/CConsoleApplication.php(91): CConsoleCommandRunner->run(Array)
#10 /var/www/cEnter_parser/www/framework/base/CApplication.php(162): CConsoleApplication->processRequest()
#11 /var/www/cEnter_parser/www/framework/yiic.php(33): CApplication->run()
#12 /var/www/cEnter_parser/www/apps/protected/yiic.php(8): require_once('/var/www/cEnter...')
#13 /var/www/cEnter_parser/www/apps/protected/yiic(4): require_once('/var/www/cEnter...')
#14 {main}exception 'CDbException' with message 'CDbCommand failed to execute the SQL statement: SQLSTATE[HY000]: General error: 2014 Cannot execute queries while other unbuffered queries are active.  Consider using PDOStatement::fetchAll().  Alternatively, if your code is only ever going to run against mysql, you may enable query buffering by setting the PDO::MYSQL_ATTR_USE_BUFFERED_QUERY attribute.. The SQL statement executed was: SELECT id FROM goods WHERE source='market' LIMIT :limit OFFSET :offset' in /var/www/cEnter_parser/www/framework/db/CDbCommand.php:528
Stack trace:
#0 /var/www/cEnter_parser/www/framework/db/CDbCommand.php(390): CDbCommand->queryInternal('fetchAll', Array, Array)
#1 /var/www/cEnter_parser/www/apps/protected/extensions/Parser/YandexMarket.php(281): CDbCommand->queryAll()
#2 [internal function]: Parser_YandexMarket::packFeatures('0', 10, 9)
#3 /var/www/cEnter_parser/www/apps/protected/extensions/Threadi/Classes/Thread/AbstractThread.php(78): call_user_func_array(Array, Array)
#4 /var/www/cEnter_parser/www/apps/protected/extensions/Threadi/Classes/Thread/PHPReturnableThread.php(49): Threadi_Thread_AbstractThread->executeCallback(Array, Array)
#5 /var/www/cEnter_parser/www/apps/protected/commands/ParserCommand.php(84): Threadi_Thread_PHPReturnableThread->start('0', 10, 9)
#6 [internal function]: ParserCommand->actionStart()
#7 /var/www/cEnter_parser/www/framework/console/CConsoleCommand.php(141): ReflectionMethod->invokeArgs(Object(ParserCommand), Array)
#8 /var/www/cEnter_parser/www/framework/console/CConsoleCommandRunner.php(65): CConsoleCommand->run(Array)
#9 /var/www/cEnter_parser/www/framework/console/CConsoleApplication.php(91): CConsoleCommandRunner->run(Array)
#10 /var/www/cEnter_parser/www/framework/base/CApplication.php(162): CConsoleApplication->processRequest()
#11 /var/www/cEnter_parser/www/framework/yiic.php(33): CApplication->run()
#12 /var/www/cEnter_parser/www/apps/protected/yiic.php(8): require_once('/var/www/cEnter...')
#13 /var/www/cEnter_parser/www/apps/protected/yiic(4): require_once('/var/www/cEnter...')
#14 {main}PHP Error[8]: Undefined variable: packStartTime
    in file /var/www/cEnter_parser/www/apps/protected/commands/ParserCommand.php at line 88
#0 unknown(0): ParserCommand->actionStart()
#1 /var/www/cEnter_parser/www/framework/console/CConsoleCommand.php(141): ReflectionMethod->invokeArgs()
#2 /var/www/cEnter_parser/www/framework/console/CConsoleCommandRunner.php(65): ParserCommand->run()
#3 /var/www/cEnter_parser/www/framework/console/CConsoleApplication.php(91): CConsoleCommandRunner->run()
#4 /var/www/cEnter_parser/www/framework/base/CApplication.php(162): CConsoleApplication->processRequest()
#5 /var/www/cEnter_parser/www/framework/yiic.php(33): CConsoleApplication->run()
#6 /var/www/cEnter_parser/www/apps/protected/yiic.php(8): require_once()
#7 /var/www/cEnter_parser/www/apps/protected/yiic(4): require_once()
